<?xml version="1.0" encoding="UTF-8"?><testsuite failures="1" name="cucumber.runtime.formatter.JUnitFormatter" skipped="0" tests="1" time="0.522533">
<testcase classname="Apply to amaris" name="Open the amaris page" time="0.522533">
<failure message="java.lang.IllegalStateException: The driver executable does not exist: C:\Users\Ian\Documents\GitHub\GradleCucumberSample\cukes-gradle-sample\build\chromedriver.exe&#13;&#10;&#9;at com.google.common.base.Preconditions.checkState(Preconditions.java:199)&#13;&#10;&#9;at org.openqa.selenium.remote.service.DriverService.checkExecutable(DriverService.java:121)&#13;&#10;&#9;at org.openqa.selenium.remote.service.DriverService.findExecutable(DriverService.java:116)&#13;&#10;&#9;at org.openqa.selenium.chrome.ChromeDriverService.access$000(ChromeDriverService.java:32)&#13;&#10;&#9;at org.openqa.selenium.chrome.ChromeDriverService$Builder.findDefaultExecutable(ChromeDriverService.java:137)&#13;&#10;&#9;at org.openqa.selenium.remote.service.DriverService$Builder.build(DriverService.java:296)&#13;&#10;&#9;at org.openqa.selenium.chrome.ChromeDriverService.createDefaultService(ChromeDriverService.java:88)&#13;&#10;&#9;at org.openqa.selenium.chrome.ChromeDriver.&lt;init&gt;(ChromeDriver.java:116)&#13;&#10;&#9;at webdriverContext.BrowserContext.&lt;init&gt;(BrowserContext.java:67)&#13;&#10;&#9;at cucumber.steps.ApplySteps.i_navigate_to_the_amaris_web_page(ApplySteps.java:45)&#13;&#10;&#9;at ✽.Given I navigate to the amaris web page(C:/Users/Ian/Documents/GitHub/GradleCucumberSample/cukes-gradle-sample/src/cucumberTest/resources/features/Apply.feature:24)&#13;&#10;"><![CDATA[Given I navigate to the amaris web page.....................................failed
When I click on the apply button............................................skipped
Then The apply page has to be loaded correctly..............................skipped

StackTrace:
java.lang.IllegalStateException: The driver executable does not exist: C:\Users\Ian\Documents\GitHub\GradleCucumberSample\cukes-gradle-sample\build\chromedriver.exe
	at com.google.common.base.Preconditions.checkState(Preconditions.java:199)
	at org.openqa.selenium.remote.service.DriverService.checkExecutable(DriverService.java:121)
	at org.openqa.selenium.remote.service.DriverService.findExecutable(DriverService.java:116)
	at org.openqa.selenium.chrome.ChromeDriverService.access$000(ChromeDriverService.java:32)
	at org.openqa.selenium.chrome.ChromeDriverService$Builder.findDefaultExecutable(ChromeDriverService.java:137)
	at org.openqa.selenium.remote.service.DriverService$Builder.build(DriverService.java:296)
	at org.openqa.selenium.chrome.ChromeDriverService.createDefaultService(ChromeDriverService.java:88)
	at org.openqa.selenium.chrome.ChromeDriver.<init>(ChromeDriver.java:116)
	at webdriverContext.BrowserContext.<init>(BrowserContext.java:67)
	at cucumber.steps.ApplySteps.i_navigate_to_the_amaris_web_page(ApplySteps.java:45)
	at ✽.Given I navigate to the amaris web page(C:/Users/Ian/Documents/GitHub/GradleCucumberSample/cukes-gradle-sample/src/cucumberTest/resources/features/Apply.feature:24)
]]></failure>
</testcase>
</testsuite>
